[33mWARNING[0m:  [19-12-2023 18:38:33] chroma_server_nofile is not supported on Windows. chroma_server_nofile will not be set.
[32mINFO[0m:     [19-12-2023 18:38:33] Anonymized telemetry enabled. See                     https://docs.trychroma.com/telemetry for more information.
[36mDEBUG[0m:    [19-12-2023 18:38:33] Starting component System
[36mDEBUG[0m:    [19-12-2023 18:38:33] Starting component OpenTelemetryClient
[36mDEBUG[0m:    [19-12-2023 18:38:33] Starting component SimpleAssignmentPolicy
[36mDEBUG[0m:    [19-12-2023 18:38:33] Starting component SqliteDB
[36mDEBUG[0m:    [19-12-2023 18:38:33] Starting component Posthog
[36mDEBUG[0m:    [19-12-2023 18:38:33] Starting component LocalSegmentManager
[36mDEBUG[0m:    [19-12-2023 18:38:33] Starting component SegmentAPI
[32mINFO[0m:     [19-12-2023 18:38:33] Started server process [[36m14988[0m]
[32mINFO[0m:     [19-12-2023 18:38:33] Waiting for application startup.
[32mINFO[0m:     [19-12-2023 18:38:33] Application startup complete.
[32mINFO[0m:     [19-12-2023 18:38:33] Uvicorn running on [1mhttp://localhost:8000[0m (Press CTRL+C to quit)
[32mINFO[0m:     [19-12-2023 18:38:41] ::1:61734 - "GET / HTTP/1.1" 404
[32mINFO[0m:     [19-12-2023 18:39:16] ::1:61735 - "GET / HTTP/1.1" 404
[32mINFO[0m:     [19-12-2023 18:39:17] ::1:61735 - "GET / HTTP/1.1" 404
[32mINFO[0m:     [19-12-2023 18:39:19] ::1:61735 - "GET / HTTP/1.1" 404
[32mINFO[0m:     [19-12-2023 18:39:19] ::1:61735 - "GET / HTTP/1.1" 404
[32mINFO[0m:     [19-12-2023 18:39:20] ::1:61735 - "GET / HTTP/1.1" 404
[32mINFO[0m:     [19-12-2023 18:39:22] Shutting down
[32mINFO[0m:     [19-12-2023 18:39:23] Waiting for application shutdown.
[32mINFO[0m:     [19-12-2023 18:39:23] Application shutdown complete.
[32mINFO[0m:     [19-12-2023 18:39:23] Finished server process [[36m14988[0m]
[33mWARNING[0m:  [19-12-2023 18:39:29] chroma_server_nofile is not supported on Windows. chroma_server_nofile will not be set.
[32mINFO[0m:     [19-12-2023 18:39:29] Anonymized telemetry enabled. See                     https://docs.trychroma.com/telemetry for more information.
[36mDEBUG[0m:    [19-12-2023 18:39:29] Starting component System
[36mDEBUG[0m:    [19-12-2023 18:39:29] Starting component OpenTelemetryClient
[36mDEBUG[0m:    [19-12-2023 18:39:29] Starting component SimpleAssignmentPolicy
[36mDEBUG[0m:    [19-12-2023 18:39:29] Starting component SqliteDB
[36mDEBUG[0m:    [19-12-2023 18:39:29] Starting component Posthog
[36mDEBUG[0m:    [19-12-2023 18:39:29] Starting component LocalSegmentManager
[36mDEBUG[0m:    [19-12-2023 18:39:29] Starting component SegmentAPI
[32mINFO[0m:     [19-12-2023 18:39:29] Started server process [[36m16808[0m]
[32mINFO[0m:     [19-12-2023 18:39:29] Waiting for application startup.
[32mINFO[0m:     [19-12-2023 18:39:29] Application startup complete.
[32mINFO[0m:     [19-12-2023 18:39:29] Uvicorn running on [1mhttp://localhost:8000[0m (Press CTRL+C to quit)
[32mINFO[0m:     [19-12-2023 18:39:36] ::1:61755 - "GET / HTTP/1.1" 404
[32mINFO[0m:     [19-12-2023 18:40:05] Shutting down
[32mINFO[0m:     [19-12-2023 18:40:05] Waiting for application shutdown.
[32mINFO[0m:     [19-12-2023 18:40:05] Application shutdown complete.
[32mINFO[0m:     [19-12-2023 18:40:05] Finished server process [[36m16808[0m]
[33mWARNING[0m:  [19-12-2023 18:40:27] chroma_server_nofile is not supported on Windows. chroma_server_nofile will not be set.
[32mINFO[0m:     [19-12-2023 18:40:27] Anonymized telemetry enabled. See                     https://docs.trychroma.com/telemetry for more information.
[36mDEBUG[0m:    [19-12-2023 18:40:27] Starting component System
[36mDEBUG[0m:    [19-12-2023 18:40:27] Starting component OpenTelemetryClient
[36mDEBUG[0m:    [19-12-2023 18:40:27] Starting component SimpleAssignmentPolicy
[36mDEBUG[0m:    [19-12-2023 18:40:27] Starting component SqliteDB
[36mDEBUG[0m:    [19-12-2023 18:40:27] Starting component Posthog
[36mDEBUG[0m:    [19-12-2023 18:40:27] Starting component LocalSegmentManager
[36mDEBUG[0m:    [19-12-2023 18:40:27] Starting component SegmentAPI
[32mINFO[0m:     [19-12-2023 18:40:27] Started server process [[36m16776[0m]
[32mINFO[0m:     [19-12-2023 18:40:27] Waiting for application startup.
[32mINFO[0m:     [19-12-2023 18:40:27] Application startup complete.
[32mINFO[0m:     [19-12-2023 18:40:27] Uvicorn running on [1mhttp://localhost:8000[0m (Press CTRL+C to quit)
[32mINFO[0m:     [19-12-2023 18:40:33] ::1:61773 - "GET / HTTP/1.1" 404
[32mINFO[0m:     [19-12-2023 18:40:37] ::1:61773 - "GET / HTTP/1.1" 404
[32mINFO[0m:     [19-12-2023 18:40:38] ::1:61773 - "GET / HTTP/1.1" 404
[32mINFO[0m:     [19-12-2023 18:40:39] ::1:61773 - "GET / HTTP/1.1" 404
[32mINFO[0m:     [19-12-2023 18:40:39] ::1:61773 - "GET / HTTP/1.1" 404
[32mINFO[0m:     [19-12-2023 18:40:48] Shutting down
[32mINFO[0m:     [19-12-2023 18:40:48] Waiting for application shutdown.
[32mINFO[0m:     [19-12-2023 18:40:48] Application shutdown complete.
[32mINFO[0m:     [19-12-2023 18:40:48] Finished server process [[36m16776[0m]
